This is pdfTeX, Version 3.14159265-2.6-1.40.16 (TeX Live 2015) (preloaded format=latex 2015.5.24)  22 NOV 2015 16:14
entering extended mode
 restricted \write18 enabled.
 %&-line parsing enabled.
**\makeatletter\def\HCode{\futurelet\HCode\HChar}\def\HChar{\ifx"\HCode\def\HCo
de"##1"{\Link##1}\expandafter\HCode\else\expandafter\Link\fi}\def\Link#1.a.b.c.
{\g@addto@macro\@documentclasshook{\RequirePackage[#1,html]{tex4ht}}\let\HCode\
documentstyle\def\documentstyle{\let\documentstyle\HCode\expandafter\def\csname
 tex4ht\endcsname{#1,html}\def\HCode####1{\documentstyle[tex4ht,}\@ifnextchar[{
\HCode}{\documentstyle[tex4ht]}}}\makeatother\HCode html,1,sections+.a.b.c.\inp
ut  PmagPy
(./PmagPy.tex (/usr/local/texlive/2015/texmf-dist/tex/latex/base/book.cls
Document Class: book 2014/09/29 v1.4h Standard LaTeX document class
(/usr/local/texlive/2015/texmf-dist/tex/latex/base/bk11.clo
File: bk11.clo 2014/09/29 v1.4h Standard LaTeX file (size option)
)
\c@part=\count79
\c@chapter=\count80
\c@section=\count81
\c@subsection=\count82
\c@subsubsection=\count83
\c@paragraph=\count84
\c@subparagraph=\count85
\c@figure=\count86
\c@table=\count87
\abovecaptionskip=\skip41
\belowcaptionskip=\skip42
\bibindent=\dimen102
)
(/usr/local/texlive/2015/texmf-dist/tex/generic/tex4ht/tex4ht.sty
version 2008-10-27-17:23
Package: tex4ht 
--------------------------------------
--- Note --- for _ at preamble, use the command line option `early_'
--------------------------------------
--------------------------------------
--- Note --- for ^ at preamble, use the command line option `early^'
--------------------------------------
\tmp:toks=\toks14
)
(/usr/local/texlive/2015/texmf-dist/tex/generic/tex4ht/usepackage.4ht
version 2009-05-21-09:32
)
(/usr/local/texlive/2015/texmf-dist/tex/latex/graphics/graphicx.sty
Package: graphicx 2014/10/28 v1.0g Enhanced LaTeX Graphics (DPC,SPQR)

(/usr/local/texlive/2015/texmf-dist/tex/latex/graphics/keyval.sty
Package: keyval 2014/10/28 v1.15 key=value parser (DPC)
\KV@toks@=\toks15
)
(/usr/local/texlive/2015/texmf-dist/tex/latex/graphics/graphics.sty
Package: graphics 2014/10/28 v1.0p Standard LaTeX Graphics (DPC,SPQR)

(/usr/local/texlive/2015/texmf-dist/tex/latex/graphics/trig.sty
Package: trig 1999/03/16 v1.09 sin cos tan (DPC)
)
(/usr/local/texlive/2015/texmf-dist/tex/latex/latexconfig/graphics.cfg
File: graphics.cfg 2010/04/23 v1.9 graphics configuration of TeX Live
)
Package graphics Info: Driver file: dvips.def on input line 94.

(/usr/local/texlive/2015/texmf-dist/tex/latex/graphics/dvips.def
File: dvips.def 2014/10/14 v3.0j Driver-dependent file (DPC,SPQR)
))
\Gin@req@height=\dimen103
\Gin@req@width=\dimen104
)
(/usr/local/texlive/2015/texmf-dist/tex/latex/graphics/color.sty
Package: color 2014/10/28 v1.1a Standard LaTeX Color (DPC)

(/usr/local/texlive/2015/texmf-dist/tex/latex/latexconfig/color.cfg
File: color.cfg 2007/01/18 v1.5 color configuration of teTeX/TeXLive
)
Package color Info: Driver file: dvips.def on input line 142.

(/usr/local/texlive/2015/texmf-dist/tex/latex/graphics/dvipsnam.def
File: dvipsnam.def 2014/10/14 v3.0j Driver-dependent file (DPC,SPQR)
))
(/usr/local/texlive/2015/texmf-dist/tex/latex/natbib/natbib.sty
Package: natbib 2010/09/13 8.31b (PWD, AO)
\bibhang=\skip43
\bibsep=\skip44
LaTeX Info: Redefining \cite on input line 694.
\c@NAT@ctr=\count88
)
(/usr/local/texlive/2015/texmf-dist/tex/latex/tools/bm.sty
Package: bm 2014/10/28 v1.1c Bold Symbol Support (DPC/FMi)
\symboldoperators=\mathgroup4
\symboldletters=\mathgroup5
\symboldsymbols=\mathgroup6
LaTeX Font Info:    Redeclaring math alphabet \mathbf on input line 141.
LaTeX Info: Redefining \bm on input line 207.
)
(/usr/local/texlive/2015/texmf-dist/tex/latex/amsfonts/amssymb.sty
Package: amssymb 2013/01/14 v3.01 AMS font symbols

(/usr/local/texlive/2015/texmf-dist/tex/latex/amsfonts/amsfonts.sty
Package: amsfonts 2013/01/14 v3.01 Basic AMSFonts support
\@emptytoks=\toks16
\symAMSa=\mathgroup7
\symAMSb=\mathgroup8
LaTeX Font Info:    Overwriting math alphabet `\mathfrak' in version `bold'
(Font)                  U/euf/m/n --> U/euf/b/n on input line 106.
))
(/usr/local/texlive/2015/texmf-dist/tex/latex/hyperref/hyperref.sty
Package: hyperref 2012/11/06 v6.83m Hypertext links for LaTeX

(/usr/local/texlive/2015/texmf-dist/tex/generic/oberdiek/hobsub-hyperref.sty
Package: hobsub-hyperref 2012/05/28 v1.13 Bundle oberdiek, subset hyperref (HO)


(/usr/local/texlive/2015/texmf-dist/tex/generic/oberdiek/hobsub-generic.sty
Package: hobsub-generic 2012/05/28 v1.13 Bundle oberdiek, subset generic (HO)
Package: hobsub 2012/05/28 v1.13 Construct package bundles (HO)
Package: infwarerr 2010/04/08 v1.3 Providing info/warning/error messages (HO)
Package: ltxcmds 2011/11/09 v1.22 LaTeX kernel commands for general use (HO)
Package: ifluatex 2010/03/01 v1.3 Provides the ifluatex switch (HO)
Package ifluatex Info: LuaTeX not detected.
Package: ifvtex 2010/03/01 v1.5 Detect VTeX and its facilities (HO)
Package ifvtex Info: VTeX not detected.
Package: intcalc 2007/09/27 v1.1 Expandable calculations with integers (HO)
Package: ifpdf 2011/01/30 v2.3 Provides the ifpdf switch (HO)
Package ifpdf Info: pdfTeX in PDF mode is not detected.
Package: etexcmds 2011/02/16 v1.5 Avoid name clashes with e-TeX commands (HO)
Package etexcmds Info: Could not find \expanded.
(etexcmds)             That can mean that you are not using pdfTeX 1.50 or
(etexcmds)             that some package has redefined \expanded.
(etexcmds)             In the latter case, load this package earlier.
Package: kvsetkeys 2012/04/25 v1.16 Key value parser (HO)
Package: kvdefinekeys 2011/04/07 v1.3 Define keys (HO)
Package: pdftexcmds 2011/11/29 v0.20 Utility functions of pdfTeX for LuaTeX (HO
)
Package pdftexcmds Info: LuaTeX not detected.
Package pdftexcmds Info: \pdf@primitive is available.
Package pdftexcmds Info: \pdf@ifprimitive is available.
Package pdftexcmds Info: \pdfdraftmode is ignored in DVI mode.
Package: pdfescape 2011/11/25 v1.13 Implements pdfTeX's escape features (HO)
Package: bigintcalc 2012/04/08 v1.3 Expandable calculations on big integers (HO
)
Package: bitset 2011/01/30 v1.1 Handle bit-vector datatype (HO)
Package: uniquecounter 2011/01/30 v1.2 Provide unlimited unique counter (HO)
)
Package hobsub Info: Skipping package `hobsub' (already loaded).
Package: letltxmacro 2010/09/02 v1.4 Let assignment for LaTeX macros (HO)
Package: hopatch 2012/05/28 v1.2 Wrapper for package hooks (HO)
Package: xcolor-patch 2011/01/30 xcolor patch
Package: atveryend 2011/06/30 v1.8 Hooks at the very end of document (HO)
Package atveryend Info: \enddocument detected (standard20110627).
Package: atbegshi 2011/10/05 v1.16 At begin shipout hook (HO)
Package: refcount 2011/10/16 v3.4 Data extraction from label references (HO)
Package: hycolor 2011/01/30 v1.7 Color options for hyperref/bookmark (HO)
)
(/usr/local/texlive/2015/texmf-dist/tex/generic/ifxetex/ifxetex.sty
Package: ifxetex 2010/09/12 v0.6 Provides ifxetex conditional
)
(/usr/local/texlive/2015/texmf-dist/tex/latex/oberdiek/auxhook.sty
Package: auxhook 2011/03/04 v1.3 Hooks for auxiliary files (HO)


Package auxhook Warning: Cannot patch \document,
(auxhook)                using \AtBeginDocument instead.

) (/usr/local/texlive/2015/texmf-dist/tex/latex/oberdiek/kvoptions.sty
Package: kvoptions 2011/06/30 v3.11 Key value format for package options (HO)
)
\@linkdim=\dimen105
\Hy@linkcounter=\count89
\Hy@pagecounter=\count90

(/usr/local/texlive/2015/texmf-dist/tex/latex/hyperref/pd1enc.def
File: pd1enc.def 2012/11/06 v6.83m Hyperref: PDFDocEncoding definition (HO)
)
\Hy@SavedSpaceFactor=\count91

(/usr/local/texlive/2015/texmf-dist/tex/latex/latexconfig/hyperref.cfg
File: hyperref.cfg 2002/06/06 v1.2 hyperref configuration of TeXLive
)
Package hyperref Info: Option `colorlinks' set `true' on input line 4319.
Package hyperref Info: Hyper figures OFF on input line 4443.
Package hyperref Info: Link nesting OFF on input line 4448.
Package hyperref Info: Hyper index ON on input line 4451.
Package hyperref Info: Plain pages OFF on input line 4458.
Package hyperref Info: Backreferencing OFF on input line 4463.
Package hyperref Info: Implicit mode ON; LaTeX internals redefined.
Package hyperref Info: Bookmarks ON on input line 4688.
\c@Hy@tempcnt=\count92

(/usr/local/texlive/2015/texmf-dist/tex/latex/url/url.sty
\Urlmuskip=\muskip10
Package: url 2013/09/16  ver 3.4  Verb mode for urls, etc.
)
LaTeX Info: Redefining \url on input line 5041.
\XeTeXLinkMargin=\dimen106
\Fld@menulength=\count93
\Field@Width=\dimen107
\Fld@charsize=\dimen108
\Field@toks=\toks17
Package hyperref Info: Hyper figures OFF on input line 6295.
Package hyperref Info: Link nesting OFF on input line 6300.
Package hyperref Info: Hyper index ON on input line 6303.
Package hyperref Info: backreferencing OFF on input line 6310.
Package hyperref Info: Link coloring ON on input line 6313.
Package hyperref Info: Link coloring with OCG OFF on input line 6320.
Package hyperref Info: PDF/A mode OFF on input line 6325.
LaTeX Info: Redefining \ref on input line 6365.
LaTeX Info: Redefining \pageref on input line 6369.
\Hy@abspage=\count94


Package hyperref Message: Stopped early.

)

Package hyperref Message: Driver: htex4ht.

(/usr/local/texlive/2015/texmf-dist/tex/latex/hyperref/htex4ht.def
File: htex4ht.def 2012/11/06 v6.83m Hyperref driver for TeX4ht
Package hyperref Info: tex4ht is already loaded.
)
(/usr/local/texlive/2015/texmf-dist/tex/generic/tex4ht/tex4ht.4ht
version 2009-01-07-07:11
--------------------------------------
--- Note --- for additional information, use the command line option `info'
--------------------------------------

::::::::::::::::::::::::::::::::::::::::::
 TeX4ht info is available in the log file 
::::::::::::::::::::::::::::::::::::::::::
) (/usr/local/texlive/2015/texmf-dist/tex/generic/tex4ht/tex4ht.sty
version 2008-10-27-17:23

--- needs --- tex4ht PmagPy ---
\tmp:cnt=\count95
\openout15 = `PmagPy.tmp'.

(./PmagPy.tmp)
\tmp:dim=\skip45
--------------------------------------
--- Note --- for XML code, use the command line option `xml' or `xhtml'
--------------------------------------
 (./PmagPy.xref)
\:refout=\write3
\openout3 = `PmagPy.xref'.


(/usr/local/texlive/2015/texmf-dist/tex/generic/tex4ht/html4.4ht
version 2015-01-26-15:58
--------------------------------------
--- Note --- to remove the <?xml version=...?> processing instruction use the c
ommand line option `no-VERSION'
--------------------------------------
--------------------------------------
--- Note --- to remove the DOCTYPE declaration use the command line option `no-
DOCTYPE'
--------------------------------------
)
(/usr/local/texlive/2015/texmf-dist/tex/generic/tex4ht/html4-math.4ht
version 2009-05-18-23:01
)
--------------------------------------
--- Note --- for marking of the base font, use the command line option `fonts+'

--------------------------------------
--------------------------------------
--- Note --- for non active _, use the command line option `no_'
--------------------------------------
--------------------------------------
--- Note --- for _ of catcode 13, use the command line option `_13'
--------------------------------------
--------------------------------------
--- Note --- for non active ^, use the command line option `no^'
--------------------------------------
--------------------------------------
--- Note --- for ^ of catcode 13, use the command line option `^13'
--------------------------------------

(/usr/local/texlive/2015/texmf-dist/tex/generic/tex4ht/html4.4ht
version 2015-01-26-15:58
--------------------------------------
--- Note --- For section filenames that reflect on their titles use the command
 line option `sec-filename'
--------------------------------------
--------------------------------------
--- Note --- for alternative charset, use the command line option `charset=...'

--------------------------------------
--------------------------------------
--- Note --- to ignore CSS font decoration, use the `NoFonts' command line opti
on
--------------------------------------
--------------------------------------
--- Note --- for jpg bitmaps of pictures, use the `jpg' command line option. (C
haracter bitmaps are controled only by `g' records of tex4ht.env and `-g' switc
hes of tex4ht.c) 
--------------------------------------
--------------------------------------
--- Note --- for gif bitmaps of pictures, use the `gif' command line option. (C
haracter bitmaps are controled only by `g' records of tex4ht.env and `-g' switc
hes of tex4ht.c) 
--------------------------------------
--------------------------------------
--- Note --- for content and toc in 2 frames, use the command line option `fram
es'
--------------------------------------
--------------------------------------
--- Note --- for content, toc, and footnotes in 3 frames, use the command line 
option `frames-fn'
--------------------------------------
--------------------------------------
--- Note --- for file extension name xht, use the command line option `xht'
--------------------------------------
TeX4ht package options: html,1,sections+
--------------------------------------
--- Note --- to ignore CSS code, use the command line option `-css
--------------------------------------
--------------------------------------
--- Note --- for inline CSS code, use the command line option `css-in'
--------------------------------------
--------------------------------------
--- Note --- for pop ups on mouse over, use the command line option `mouseover'

--------------------------------------
--------------------------------------
--- Note --- for addressing images in a subdirectory, use the command line opti
on `imgdir:.../'
--------------------------------------
)
(/usr/local/texlive/2015/texmf-dist/tex/generic/tex4ht/html4-math.4ht
version 2009-05-18-23:01
)
\:tokwrite=\toks18
\:tokpage=\toks19
--------------------------------------
--- Note --- for linear crosslinks of pages, use the command line option `next'

--------------------------------------
\openout15 = `PmagPy.4ct'.

\:tocout=\write4
\openout4 = `PmagPy.4tc'.


(/usr/local/texlive/2015/texmf-dist/tex/generic/tex4ht/html4.4ht
version 2015-01-26-15:58
)
(/usr/local/texlive/2015/texmf-dist/tex/generic/tex4ht/html4-math.4ht
version 2009-05-18-23:01
)
(/usr/local/texlive/2015/texmf-dist/tex/generic/tex4ht/latex.4ht
version 2009-05-21-09:32
--------------------------------------
--- Note --- for links into captions, instead of float heads, use the command l
ine option `refcaption'
--------------------------------------

(/usr/local/texlive/2015/texmf-dist/tex/generic/tex4ht/html4.4ht
version 2015-01-26-15:58
--------------------------------------
--- Note --- For mini tocs immediately aftter the header use the command line o
ption `minitoc<'
--------------------------------------
--------------------------------------
--- Note --- for enumerated list elements with valued data, use the command lin
e option `enumerate+'
--------------------------------------
--------------------------------------
--- Note --- for enumerated list elements li's with value attributes, use the c
ommand line option `enumerate-'
--------------------------------------
--------------------------------------
--- Note --- for CSS2 code, use the command line option `css2'
--------------------------------------
--------------------------------------
--- Note --- for pictorial tabular, use the command line option `pic-tabular'
--------------------------------------
--------------------------------------
--- Note --- for bitmap fbox'es, use the command line option `pic-fbox'
--------------------------------------
--------------------------------------
--- Note --- for bitmap framebox'es, use the command line option `pic-framebox'

--------------------------------------
--------------------------------------
--- Note --- for inline footnotes use command line option `fn-in'
--------------------------------------
--------------------------------------
--- Note --- for tracing of latex font commands, use the command line option `f
onts'
--------------------------------------
--------------------------------------
--- Note --- for width specifications of tabular p entries, use the `p-width' c
ommand line option or a configuration similar to \Configure{HColWidth}{\HCode{ 
style="width:\HColWidth"}}
--------------------------------------
)
(/usr/local/texlive/2015/texmf-dist/tex/generic/tex4ht/html4-math.4ht
version 2009-05-18-23:01
--------------------------------------
--- Note --- for pictorial eqnarray, use the command line option `pic-eqnarray'

--------------------------------------
--------------------------------------
--- Note --- for pictorial array, use the command line option `pic-array'
--------------------------------------
--------------------------------------
--- Note --- for pictorial $...$ environments, use the command line option `pic
-m' (not recommended!!)
--------------------------------------
--------------------------------------
--- Note --- for pictorial $...$ and $$...$$ environments with latex alt, use t
he command line option `pic-m+' (not safe!!)
--------------------------------------
--------------------------------------
--- Note --- for pictorial array, use the command line option `pic-array'
--------------------------------------
))
(/usr/local/texlive/2015/texmf-dist/tex/generic/tex4ht/fontmath.4ht
version 2009-05-21-09:32

(/usr/local/texlive/2015/texmf-dist/tex/generic/tex4ht/html4.4ht
version 2015-01-26-15:58
)
(/usr/local/texlive/2015/texmf-dist/tex/generic/tex4ht/html4-math.4ht
version 2009-05-18-23:01
))
(/usr/local/texlive/2015/texmf-dist/tex/generic/tex4ht/book.4ht
version 2009-05-21-09:32

(/usr/local/texlive/2015/texmf-dist/tex/generic/tex4ht/html4.4ht
version 2015-01-26-15:58
--------------------------------------
--- Note --- for tocs without * entries, use command line option `notoc*'
--------------------------------------
--------------------------------------
--- Note --- for frames-like object-based table of contents, use the command li
ne option `obj-toc'
--------------------------------------
--------------------------------------
--- Note --- for files named derived from section titles, use the command line 
option `sec-filename'
--------------------------------------
--------------------------------------
--- Note --- to eliminate mini tables of contents, use the command line option 
`nominitoc'
--------------------------------------
--------------------------------------
--- Note --- for i-columns index, use the command line option `index=i' (e.g., 
index=2)
--------------------------------------
)
(/usr/local/texlive/2015/texmf-dist/tex/generic/tex4ht/html4-math.4ht
version 2009-05-18-23:01
))
(/usr/local/texlive/2015/texmf-dist/tex/generic/tex4ht/graphicx.4ht
version 2009-05-21-09:32

(/usr/local/texlive/2015/texmf-dist/tex/generic/tex4ht/html4.4ht
version 2015-01-26-15:58
)
(/usr/local/texlive/2015/texmf-dist/tex/generic/tex4ht/html4-math.4ht
version 2009-05-18-23:01
))
(/usr/local/texlive/2015/texmf-dist/tex/generic/tex4ht/graphics.4ht
version 2009-05-21-09:32

(/usr/local/texlive/2015/texmf-dist/tex/generic/tex4ht/html4.4ht
version 2015-01-26-15:58
--------------------------------------
--- Note --- if included graphics are of degraded quality, try the command line
 options `graphics-num' or `graphics-'. The `num' should provide the density of
 pixels in the bitmaps (e.g., 110). 
--------------------------------------
--------------------------------------
--- Note --- for key dimensions try the option `Gin-dim'; for key dimensions wh
en bounding box is unavailable try `Gin-dim+'; neither is recommended
--------------------------------------
)
(/usr/local/texlive/2015/texmf-dist/tex/generic/tex4ht/html4-math.4ht
version 2009-05-18-23:01
))
(/usr/local/texlive/2015/texmf-dist/tex/generic/tex4ht/dvips.4ht
version 2009-05-21-09:32

(/usr/local/texlive/2015/texmf-dist/tex/generic/tex4ht/html4.4ht
version 2015-01-26-15:58
)
(/usr/local/texlive/2015/texmf-dist/tex/generic/tex4ht/html4-math.4ht
version 2009-05-18-23:01
))
(/usr/local/texlive/2015/texmf-dist/tex/generic/tex4ht/color.4ht
version 2009-05-21-09:32

(/usr/local/texlive/2015/texmf-dist/tex/generic/tex4ht/html4.4ht
version 2015-01-26-15:58
)
(/usr/local/texlive/2015/texmf-dist/tex/generic/tex4ht/html4-math.4ht
version 2009-05-18-23:01
))
(/usr/local/texlive/2015/texmf-dist/tex/generic/tex4ht/dvipsnam.4ht
version 2009-05-21-09:32

(/usr/local/texlive/2015/texmf-dist/tex/latex/graphics/dvipsnam.def)
(/usr/local/texlive/2015/texmf-dist/tex/generic/tex4ht/html4.4ht
version 2015-01-26-15:58
)
(/usr/local/texlive/2015/texmf-dist/tex/generic/tex4ht/html4-math.4ht
version 2009-05-18-23:01
))
(/usr/local/texlive/2015/texmf-dist/tex/generic/tex4ht/natbib.4ht
version 2013-01-19-12:33

(/usr/local/texlive/2015/texmf-dist/tex/generic/tex4ht/html4.4ht
version 2015-01-26-15:58
)
(/usr/local/texlive/2015/texmf-dist/tex/generic/tex4ht/html4-math.4ht
version 2009-05-18-23:01
))
(/usr/local/texlive/2015/texmf-dist/tex/generic/tex4ht/bm.4ht
version 2009-05-21-09:32

(/usr/local/texlive/2015/texmf-dist/tex/generic/tex4ht/html4.4ht
version 2015-01-26-15:58
)
(/usr/local/texlive/2015/texmf-dist/tex/generic/tex4ht/html4-math.4ht
version 2009-05-18-23:01
))
(/usr/local/texlive/2015/texmf-dist/tex/generic/tex4ht/amssymb.4ht
version 2009-05-21-09:32

(/usr/local/texlive/2015/texmf-dist/tex/generic/tex4ht/html4.4ht
version 2015-01-26-15:58
)
(/usr/local/texlive/2015/texmf-dist/tex/generic/tex4ht/html4-math.4ht
version 2009-05-18-23:01
))
(/usr/local/texlive/2015/texmf-dist/tex/generic/tex4ht/amsfonts.4ht
version 2009-05-21-09:32

(/usr/local/texlive/2015/texmf-dist/tex/generic/tex4ht/html4.4ht
version 2015-01-26-15:58
)
(/usr/local/texlive/2015/texmf-dist/tex/generic/tex4ht/html4-math.4ht
version 2009-05-18-23:01
))
(/usr/local/texlive/2015/texmf-dist/tex/generic/tex4ht/hyperref.4ht
version 2011-01-30-16:01

(/usr/local/texlive/2015/texmf-dist/tex/latex/hyperref/nameref.sty
Package: nameref 2012/10/27 v2.43 Cross-referencing by name of section

(/usr/local/texlive/2015/texmf-dist/tex/generic/oberdiek/gettitlestring.sty
Package: gettitlestring 2010/12/03 v1.4 Cleanup title references (HO)
)
\c@section@level=\count96
)
(/usr/local/texlive/2015/texmf-dist/tex/generic/tex4ht/nameref.4ht
version 2013-06-28-15:01

(/usr/local/texlive/2015/texmf-dist/tex/generic/tex4ht/html4.4ht
version 2015-01-26-15:58
)
(/usr/local/texlive/2015/texmf-dist/tex/generic/tex4ht/html4-math.4ht
version 2009-05-18-23:01
))
LaTeX Info: Redefining \autoref on input line 100.
\Hy@SectionHShift=\skip46

(/usr/local/texlive/2015/texmf-dist/tex/generic/tex4ht/html4.4ht
version 2015-01-26-15:58
)
(/usr/local/texlive/2015/texmf-dist/tex/generic/tex4ht/html4-math.4ht
version 2009-05-18-23:01
))
(/usr/local/texlive/2015/texmf-dist/tex/generic/tex4ht/pd1enc.4ht
version 2009-05-21-09:32

(/usr/local/texlive/2015/texmf-dist/tex/generic/tex4ht/html4.4ht
version 2015-01-26-15:58
)
(/usr/local/texlive/2015/texmf-dist/tex/generic/tex4ht/html4-math.4ht
version 2009-05-18-23:01
))
(/usr/local/texlive/2015/texmf-dist/tex/generic/tex4ht/url.4ht
version 2009-05-21-09:32

(/usr/local/texlive/2015/texmf-dist/tex/generic/tex4ht/html4.4ht
version 2015-01-26-15:58
--------------------------------------
--- Note --- for URL encoding within href use the command line option `url-enc'

--------------------------------------
)
(/usr/local/texlive/2015/texmf-dist/tex/generic/tex4ht/html4-math.4ht
version 2009-05-18-23:01
))
(/usr/local/texlive/2015/texmf-dist/tex/generic/tex4ht/html4.4ht
version 2015-01-26-15:58
)
(/usr/local/texlive/2015/texmf-dist/tex/generic/tex4ht/html4-math.4ht
version 2009-05-18-23:01
))
(./PmagPy.aux)
\openout1 = `PmagPy.aux'.

LaTeX Font Info:    Checking defaults for OML/cmm/m/it on input line 31.
LaTeX Font Info:    ... okay on input line 31.
LaTeX Font Info:    Checking defaults for T1/cmr/m/n on input line 31.
LaTeX Font Info:    ... okay on input line 31.
LaTeX Font Info:    Checking defaults for OT1/cmr/m/n on input line 31.
LaTeX Font Info:    ... okay on input line 31.
LaTeX Font Info:    Checking defaults for OMS/cmsy/m/n on input line 31.
LaTeX Font Info:    ... okay on input line 31.
LaTeX Font Info:    Checking defaults for OMX/cmex/m/n on input line 31.
LaTeX Font Info:    ... okay on input line 31.
LaTeX Font Info:    Checking defaults for U/cmr/m/n on input line 31.
LaTeX Font Info:    ... okay on input line 31.
LaTeX Font Info:    Checking defaults for PD1/pdf/m/n on input line 31.
LaTeX Font Info:    ... okay on input line 31.
\AtBeginShipoutBox=\box26
Package hyperref Info: Link coloring ON on input line 31.
LaTeX Info: Redefining \ref on input line 31.
LaTeX Info: Redefining \pageref on input line 31.
LaTeX Info: Redefining \nameref on input line 31.
--- file PmagPy.css ---
 [1

] [2

] (./PmagPy.4ct) (./PmagPy.4ct [3] [4] [5] [6])
l. 38 Writing PmagPy.idv[1] (PmagPy0x.png)
File: EPSfiles/logo.eps Graphic file (type eps)

<EPSfiles/logo.eps> [7] [8

] [9]
LaTeX Font Info:    Try loading font information for U+msa on input line 42.

(/usr/local/texlive/2015/texmf-dist/tex/latex/amsfonts/umsa.fd
File: umsa.fd 2013/01/14 v3.01 AMS symbols A
)
LaTeX Font Info:    Try loading font information for U+msb on input line 42.

(/usr/local/texlive/2015/texmf-dist/tex/latex/amsfonts/umsb.fd
File: umsb.fd 2013/01/14 v3.01 AMS symbols B
)

LaTeX Warning: No \author given.

[1] [2]
Chapter 1.
[3

]
LaTeX Font Info:    Try loading font information for OMS+cmr on input line 90.
 (/usr/local/texlive/2015/texmf-dist/tex/latex/base/omscmr.fd
File: omscmr.fd 2014/09/29 v2.5h Standard LaTeX font definitions
)
LaTeX Font Info:    Font shape `OMS/cmr/m/n' in size <10.95> not available
(Font)              Font shape `OMS/cmsy/m/n' tried instead on input line 90.
 [4]
Chapter 2.
l. 106 Writing PmagPy.idv[2] (PmagPy1x.png)
File: EPSfiles/FigQkMagicFlow.eps Graphic file (type eps)
<EPSfiles/FigQkMagicFlow.eps> [5

]
l. 135 Writing PmagPy.idv[3] (PmagPy2x.png)
File: EPSfiles/FigGenericFormat.eps Graphic file (type eps)
 <EPSfiles/FigGenericFormat.eps> [6]
l. 148 Writing PmagPy.idv[4] (PmagPy3x.png)
File: EPSfiles/FigChooseFile.eps Graphic file (type eps)

<EPSfiles/FigChooseFile.eps> [7]
l. 164 Writing PmagPy.idv[5] (PmagPy4x.png)
File: EPSfiles/FigConvertGenericA.eps Graphic file (type eps)
 <EPSfiles/FigConvertGenericA.eps> [8] [9]
l. 168 Writing PmagPy.idv[6] (PmagPy5x.png)
File: EPSfiles/FigConvertGenericB.eps Graphic file (type eps)

<EPSfiles/FigConvertGenericB.eps> [10] [11]
l. 177 Writing PmagPy.idv[7] (PmagPy6x.png)
File: EPSfiles/FigCombineMagic.eps Graphic file (type eps)
 <EPSfiles/FigCombineMagic.eps>
[12]
Missing character: There is no Â in font cmr10!
Missing character: There is no ” in font cmr10!
Missing character: There is no Â in font cmr10!
Missing character: There is no • in font cmr10!
l. 194 Writing PmagPy.idv[8] (PmagPy7x.png)
File: EPSfiles/FigDemagOrient.eps Graphic file (type eps)
 <EPSfiles/FigDemagOrient.eps> [13]
l. 206 Writing PmagPy.idv[9] (PmagPy8x.png)
File: EPSfiles/FigOrientMagicCodes.eps Graphic file (type eps)
 <EPSfiles/FigOrientMagicCodes.eps>
[14] [15]
l. 215 Writing PmagPy.idv[10] (PmagPy9x.png)
File: EPSfiles/FigErMagicStep0.eps Graphic file (type eps)
 <EPSfiles/FigErMagicStep0.eps> [16] [17]
l. 221 Writing PmagPy.idv[11] (PmagPy10x.png)
File: EPSfiles/FigErMagicStep1.eps Graphic file (type eps)

<EPSfiles/FigErMagicStep1.eps> [18]
l. 225 Writing PmagPy.idv[12] (PmagPy11x.png)
File: EPSfiles/FigErMagicStep2.eps Graphic file (type eps)
 <EPSfiles/FigErMagicStep2.eps> [19]
[20]
l. 229 Writing PmagPy.idv[13] (PmagPy12x.png)
File: EPSfiles/FigErMagicStep3.eps Graphic file (type eps)
 <EPSfiles/FigErMagicStep3.eps>
l. 233 Writing PmagPy.idv[14] (PmagPy13x.png)
File: EPSfiles/FigErMagicStep4.eps Graphic file (type eps)
 <EPSfiles/FigErMagicStep4.eps> [21]
l. 237 Writing PmagPy.idv[15] (PmagPy14x.png)
File: EPSfiles/FigErMagicStep5.eps Graphic file (type eps)

<EPSfiles/FigErMagicStep5.eps> [22]
l. 241 Writing PmagPy.idv[16] (PmagPy15x.png)
File: EPSfiles/FigErMagicStep6.eps Graphic file (type eps)
 <EPSfiles/FigErMagicStep6.eps> [23]
l. 256 Writing PmagPy.idv[17] (PmagPy16x.png)
File: EPSfiles/demag_gui.eps Graphic file (type eps)

<EPSfiles/demag_gui.eps> [24] [25]
l. 273 Writing PmagPy.idv[18] (PmagPy17x.png)
File: EPSfiles/FigThellierGui.eps Graphic file (type eps)
 <EPSfiles/FigThellierGui.eps> [26] [27]
[28] [29]
l. 332 Writing PmagPy.idv[19] (PmagPy18x.png)
File: EPSfiles/orient.eps Graphic file (type eps)
 <EPSfiles/orient.eps> [30]
l. 348 Writing PmagPy.idv[20] (PmagPy19x.png)
File: EPSfiles/suncomp.eps Graphic file (type eps)
 <EPSfiles/suncomp.eps> [31]
l. 366 Writing PmagPy.idv[21] (PmagPy20x.png)
File: EPSfiles/orcon_1.eps Graphic file (type eps)

<EPSfiles/orcon_1.eps>
l. 370 Writing PmagPy.idv[22] (PmagPy21x.png)
File: EPSfiles/orcon_2.eps Graphic file (type eps)
 <EPSfiles/orcon_2.eps> [32]
l. 374 Writing PmagPy.idv[23] (PmagPy22x.png)
File: EPSfiles/orcon_3.eps Graphic file (type eps)
 <EPSfiles/orcon_3.eps>
[33]
l. 378 Writing PmagPy.idv[24] (PmagPy23x.png)
File: EPSfiles/orcon_4.eps Graphic file (type eps)
 <EPSfiles/orcon_4.eps> [34]
l. 382 Writing PmagPy.idv[25] (PmagPy24x.png)
File: EPSfiles/orcon_5.eps Graphic file (type eps)
 <EPSfiles/orcon_5.eps> [35]
l. 387 Writing PmagPy.idv[26] (PmagPy25x.png)
File: EPSfiles/orcon_6.eps Graphic file (type eps)

<EPSfiles/orcon_6.eps> [36] [37]
l. 433 Writing PmagPy.idv[27] (PmagPy26x.png)
File: EPSfiles/WebTabular_srm.eps Graphic file (type eps)
 <EPSfiles/WebTabular_srm.eps> [38]
l. 439 Writing PmagPy.idv[28] (PmagPy27x.png)
File: EPSfiles/WebTabular_core.eps Graphic file (type eps)

<EPSfiles/WebTabular_core.eps> [39] [40] [41] [42]
Chapter 3.
l. 781 Writing PmagPy.idv[29] (PmagPy28x.png)
File: EPSfiles/terminal.eps Graphic file (type eps)
<EPSfiles/terminal.eps> [43

]
l. 785 Writing PmagPy.idv[30] (PmagPy29x.png)
File: EPSfiles/cmd.eps Graphic file (type eps)
 <EPSfiles/cmd.eps> [44]
l. 801 Writing PmagPy.idv[31] (PmagPy30x.png)
File: EPSfiles/filesys.eps Graphic file (type eps)
 <EPSfiles/filesys.eps>
[45] [46] [47] [48]
Chapter 4.
l. 887 Writing PmagPy.idv[32] (PmagPy31x.png)
File: EPSfiles/demag_gui_QuickMagicLauncher.eps Graphic file (type eps)
<EPSfiles/demag_gui_QuickMagicLauncher.eps> [49

]
l. 901 Writing PmagPy.idv[33] (PmagPy32x.png)
File: EPSfiles/demag_gui_Fit.eps Graphic file (type eps)
 <EPSfiles/demag_gui_Fit.eps>
[50]
l. 905 Writing PmagPy.idv[34] (PmagPy33x.png)
File: EPSfiles/demag_gui_BoundsBox.eps Graphic file (type eps)
 <EPSfiles/demag_gui_BoundsBox.eps>
l. 908 Writing PmagPy.idv[35] (PmagPy34x.png)
File: EPSfiles/demag_gui_DataBox.eps Graphic file (type eps)
 <EPSfiles/demag_gui_DataBox.eps>
[51]
l. 913 Writing PmagPy.idv[36] (PmagPy35x.png)
File: EPSfiles/demag_gui_SpecimenMeanType.eps Graphic file (type eps)
 <EPSfiles/demag_gui_SpecimenMeanType.eps>
l. 917 Writing PmagPy.idv[37] (PmagPy36x.png)
File: EPSfiles/demag_gui_ProjectionChoice.eps Graphic file (type eps)

<EPSfiles/demag_gui_ProjectionChoice.eps> [52]
l. 921 Writing PmagPy.idv[38] (PmagPy37x.png)
File: EPSfiles/demag_gui_FitData.eps Graphic file (type eps)

<EPSfiles/demag_gui_FitData.eps> [53]
LaTeX Font Info:    Font shape `OT1/cmtt/bx/n' in size <10.95> not available
(Font)              Font shape `OT1/cmtt/m/n' tried instead on input line 940.
 [54] [55]
l. 970 Writing PmagPy.idv[39] (PmagPy38x.png)
File: EPSfiles/demag_gui_InterpEditor.eps Graphic file (type eps)

<EPSfiles/demag_gui_InterpEditor.eps> [56] [57]
l. 1005 Writing PmagPy.idv[40] (PmagPy39x.png)
File: EPSFiles/Screenshot_main_panel.eps Graphic file (type eps)

<EPSFiles/Screenshot_main_panel.eps> [58] [59] [60] [61] [62]
\exnum=\count97
 [63] [64]
[65] [66] [67]
l. 1260 Writing PmagPy.idv[41] (PmagPy40x.png)
File: EPSfiles/tauxe12-magic.eps Graphic file (type eps)
 <EPSfiles/tauxe12-magic.eps> [68]
l. 1271 Writing PmagPy.idv[42] (PmagPy41x.png)
File: EPSfiles/ani-depthplot.eps Graphic file (type eps)
 <EPSfiles/ani-depthplot.eps>
[69] [70]
l. 1304 Writing PmagPy.idv[43] (PmagPy42x.png)
File: EPSfiles/dike.eps Graphic file (type eps)
 <EPSfiles/dike.eps> [71] [72]
l. 1329 Writing PmagPy.idv[44] (PmagPy43x.png)
File: EPSfiles/sed-aniso.eps Graphic file (type eps)
 <EPSfiles/sed-aniso.eps> [73] [74]
[75]
l. 1380 Writing PmagPy.idv[45] (PmagPy44x.png)
File: EPSfiles/atrm_meas.eps Graphic file (type eps)
 <EPSfiles/atrm_meas.eps> [76] [77] [78] [79] [80]
l. 1460 Writing PmagPy.idv[46] (PmagPy45x.png)
File: EPSfiles/basemap.eps Graphic file (type eps)
 <EPSfiles/basemap.eps>
[81] [82] [83]
l. 1505 Writing PmagPy.idv[47] (PmagPy46x.png)
File: EPSfiles/arm-x.eps Graphic file (type eps)
 <EPSfiles/arm-x.eps> [84] [85] [86] [87] [88] [89] [90]
l. 1658 Writing PmagPy.idv[48] (PmagPy47x.png)
File: EPSfiles/chi-magic.eps Graphic file (type eps)

<EPSfiles/chi-magic.eps> [91] [92]
l. 1696 Writing PmagPy.idv[49] (PmagPy48x.png)
File: EPSfiles/common-mean-eq.eps Graphic file (type eps)
 <EPSfiles/common-mean-eq.eps> [93]
l. 1711 Writing PmagPy.idv[50] (PmagPy49x.png)
File: EPSfiles/common-mean.eps Graphic file (type eps)

<EPSfiles/common-mean.eps> [94]
l. 1727 Writing PmagPy.idv[51] (PmagPy50x.png)
File: EPSfiles/common-mean-EX.eps Graphic file (type eps)
 <EPSfiles/common-mean-EX.eps> [95]
l. 1755 Writing PmagPy.idv[52] (PmagPy51x.png)
File: EPSfiles/controt.eps Graphic file (type eps)

<EPSfiles/controt.eps> [96] [97] [98]
l. 1792 Writing PmagPy.idv[53] (PmagPy52x.png)
File: EPSfiles/core-depthplot.eps Graphic file (type eps)
 <EPSfiles/core-depthplot.eps> [99]
[100]
l. 1814 Writing PmagPy.idv[54] (PmagPy53x.png)
File: EPSfiles/curie-ex.eps Graphic file (type eps)
 <EPSfiles/curie-ex.eps> [101] [102] [103] [104]
l. 1878 Writing PmagPy.idv[55] (PmagPy54x.png)
File: EPSfiles/dayplot.eps Graphic file (type eps)
 <EPSfiles/dayplot.eps>
[105] [106] [107]
l. 1938 Writing PmagPy.idv[56] (PmagPy55x.png)
File: EPSfiles/di_geo_spc_eq.eps Graphic file (type eps)
 <EPSfiles/di_geo_spc_eq.eps> [108]
l. 1950 Writing PmagPy.idv[57] (PmagPy56x.png)
File: EPSfiles/di_geo_geo_eq.eps Graphic file (type eps)

<EPSfiles/di_geo_geo_eq.eps> [109] [110]
l. 1975 Writing PmagPy.idv[58] (PmagPy57x.png)
File: EPSfiles/dirot.eps Graphic file (type eps)
 <EPSfiles/dirot.eps> [111] [112]
[113] [114] [115] [116] [117] [118]
l. 2156 Writing PmagPy.idv[59] (PmagPy58x.png)
File: EPSfiles/dmag.eps Graphic file (type eps)
 <EPSfiles/dmag.eps> [119] [120] [121]
[122] [123] [124]
l. 2276 Writing PmagPy.idv[60] (PmagPy59x.png)
File: EPSfiles/eqarea.eps Graphic file (type eps)
 <EPSfiles/eqarea.eps> [125] [126]
l. 2307 Writing PmagPy.idv[61] (PmagPy60x.png)
File: EPSfiles/eqarea_ell.eps Graphic file (type eps)
 <EPSfiles/eqarea_ell.eps>
[127] [128] [129] [130]
l. 2364 Writing PmagPy.idv[62] (PmagPy61x.png)
File: EPSfiles/eqarea-magic.eps Graphic file (type eps)
 <EPSfiles/eqarea-magic.eps> [131] [132]
l. 2394 Writing PmagPy.idv[63] (PmagPy62x.png)
File: EPSfiles/eqarea_magic_BV.eps Graphic file (type eps)

<EPSfiles/eqarea_magic_BV.eps> [133] [134] [135]
l. 2451 Writing PmagPy.idv[64] (PmagPy63x.png)
File: EPSfiles/find_EI.eps Graphic file (type eps)
 <EPSfiles/find_EI.eps>
[136] [137] [138] [139]
l. 2495 Writing PmagPy.idv[65] (PmagPy64x.png)
File: EPSfiles/fishqq-ex.eps Graphic file (type eps)
 <EPSfiles/fishqq-ex.eps> [140] [141]
l. 2546 Writing PmagPy.idv[66] (PmagPy65x.png)
File: EPSfiles/foldtest-ex.eps Graphic file (type eps)

<EPSfiles/foldtest-ex.eps> [142] [143] [144] [145] [146] [147] [148] [149]
l. 2661 Writing PmagPy.idv[67] (PmagPy66x.png)
File: EPSfiles/grab_magic_key.eps Graphic file (type eps)

<EPSfiles/grab_magic_key.eps> [150] [151]
l. 2678 Writing PmagPy.idv[68] (PmagPy67x.png)
File: EPSfiles/hist.eps Graphic file (type eps)
 <EPSfiles/hist.eps> [152] [153]
l. 2702 Writing PmagPy.idv[69] (PmagPy68x.png)
File: EPSfiles/hysteresis-magic.eps Graphic file (type eps)

<EPSfiles/hysteresis-magic.eps> [154] [155] [156] [157] [158]
l. 2745 Writing PmagPy.idv[70] (PmagPy69x.png)
File: EPSfiles/igrf.eps Graphic file (type eps)

<EPSfiles/igrf.eps> [159] [160] [161]
l. 2806 Writing PmagPy.idv[71] (PmagPy70x.png)
File: EPSfiles/irmaq_magic.eps Graphic file (type eps)
 <EPSfiles/irmaq_magic.eps> [162] [163]
[164]
l. 2841 Writing PmagPy.idv[72] (PmagPy71x.png)
File: EPSfiles/meas15.eps Graphic file (type eps)
 <EPSfiles/meas15.eps> [165] [166] [167] [168] [169] [170] [171]
l. 2946 Writing PmagPy.idv[73] (PmagPy72x.png)
File: EPSfiles/lnp-ex.eps Graphic file (type eps)

<EPSfiles/lnp-ex.eps> [172] [173]
l. 2968 Writing PmagPy.idv[74] (PmagPy73x.png)
File: EPSfiles/lowrie.eps Graphic file (type eps)
 <EPSfiles/lowrie.eps> [174] [175] [176]
[177] [178] [179] [180] [181] [182] [183] [184] [185] [186] [187] [188]
[189] [190] [191] [192] [193]
l. 3477 Writing PmagPy.idv[75] (PmagPy74x.png)
File: EPSfiles/samples.eps Graphic file (type eps)
 <EPSfiles/samples.eps> [194] [195] [196] [197]
[198] [199] [200] [201] [202]
l. 3670 Writing PmagPy.idv[76] (PmagPy75x.png)
File: EPSfiles/nrm-eq.eps Graphic file (type eps)
 <EPSfiles/nrm-eq.eps> [203] [204] [205] [206]
[207]

LaTeX Warning: Reference `app:MagIC' on page 208 undefined on input line 3729.

[208]
l. 3762 Writing PmagPy.idv[77] (PmagPy76x.png)
File: EPSfiles/plot_cdf.eps Graphic file (type eps)
 <EPSfiles/plot_cdf.eps> [209] [210]
l. 3801 Writing PmagPy.idv[78] (PmagPy77x.png)
File: EPSfiles/plot_mapPTS.eps Graphic file (type eps)
 <EPSfiles/plot_mapPTS.eps> [211]
[212]
l. 3835 Writing PmagPy.idv[79] (PmagPy78x.png)
File: EPSfiles/plotdi-a-example.eps Graphic file (type eps)
 <EPSfiles/plotdi-a-example.eps> [213] [214] [215]
l. 3884 Writing PmagPy.idv[80] (PmagPy79x.png)
File: EPSfiles/pt_rot.eps Graphic file (type eps)
 <EPSfiles/pt_rot.eps>
[216] [217]
l. 3916 Writing PmagPy.idv[81] (PmagPy80x.png)
File: EPSfiles/pt_rot_panA.eps Graphic file (type eps)
 <EPSfiles/pt_rot_panA.eps> [218] [219]
l. 3942 Writing PmagPy.idv[82] (PmagPy81x.png)
File: EPSfiles/qq.eps Graphic file (type eps)
 <EPSfiles/qq.eps> [220]
[221]
l. 3969 Writing PmagPy.idv[83] (PmagPy82x.png)
File: EPSfiles/quick_hyst.eps Graphic file (type eps)
 <EPSfiles/quick_hyst.eps> [222] [223]
l. 3994 Writing PmagPy.idv[84] (PmagPy83x.png)
File: EPSfiles/revtest.eps Graphic file (type eps)
 <EPSfiles/revtest.eps> [224]
[225]
l. 4026 Writing PmagPy.idv[85] (PmagPy84x.png)
File: EPSfiles/Ao2013eq.eps Graphic file (type eps)
 <EPSfiles/Ao2013eq.eps> [226]
l. 4051 Writing PmagPy.idv[86] (PmagPy85x.png)
File: EPSfiles/WatsonsV_Ao_etal2013.eps Graphic file (type eps)
 <EPSfiles/WatsonsV_Ao_etal2013.eps>
[227] [228] [229] [230] [231] [232] [233] [234] [235] [236]
l. 4235 Writing PmagPy.idv[87] (PmagPy86x.png)
File: EPSfiles/site_edit_magic.eps Graphic file (type eps)

<EPSfiles/site_edit_magic.eps> [237] [238] [239] [240] [241]
l. 4331 Writing PmagPy.idv[88] (PmagPy87x.png)
File: EPSfiles/latVage.eps Graphic file (type eps)

<EPSfiles/latVage.eps> [242] [243] [244] [245] [246] [247] [248] [249] [250]
l. 4502 Writing PmagPy.idv[89] (PmagPy88x.png)
File: EPSfiles/thellier_magic.eps Graphic file (type eps)

<EPSfiles/thellier_magic.eps> [251] [252] [253]
l. 4549 Writing PmagPy.idv[90] (PmagPy89x.png)
File: EPSfiles/tk03.eps Graphic file (type eps)
 <EPSfiles/tk03.eps> [254]
[255]
l. 4567 Writing PmagPy.idv[91] (PmagPy90x.png)
File: EPSfiles/uniform.eps Graphic file (type eps)
 <EPSfiles/uniform.eps> [256] [257] [258] [259] [260] [261]
l. 4711 Writing PmagPy.idv[92] (PmagPy91x.png)
File: EPSfiles/VGP_map.eps Graphic file (type eps)

<EPSfiles/VGP_map.eps> [262] [263] [264] [265]
l. 4762 Writing PmagPy.idv[93] (PmagPy92x.png)
File: EPSfiles/watsonsV_example.eps Graphic file (type eps)
 <EPSfiles/watsonsV_example.eps>
[266] [267] [268]
l. 4785 Writing PmagPy.idv[94] (PmagPy93x.png)
File: EPSfiles/zeq.eps Graphic file (type eps)
 <EPSfiles/zeq.eps> [269] [270] [271] [272]
Chapter 5.
[273

] [274] [275] [276] [277] [278

]
Chapter 6.
[279]
l. 5101 Writing PmagPy.idv[95] (PmagPy94x.png)
 [280] [281] [282] [283] [284] [285] [286] [287] [288] [289] [290]
[291] [292] [293] [294] [295] [296] [297] [298] [299] [300] [301] [302]
[303] [304] [305] [306] [307]
l. 5494 Writing PmagPy.idv[96] (PmagPy95x.png)
File: EPSfiles/ndim.eps Graphic file (type eps)
 <EPSfiles/ndim.eps> [308] [309] [310] [311]
[312] [313] [314] [315] [316] [317] [318] [319] [320] [321] [322] [323]
[324] [325] [326] [327] [328] [329] [330] [331] [332] [333] [334] [335]
[336] [337] [338] [339] [340] [341] [342] [343] [344] [345] [346] [347]
[348] [349] [350] [351] [352] [353] [354] [355] [356] [357] [358] [359]
[360] [361] [362] [363] [364] [365] [366] [367] [368] [369] [370] [371]
[372] [373] [374] [375] [376] [377] [378]
l. 6549 Writing PmagPy.idv[97] (PmagPy96x.png)
File: EPSfiles/matplotlib1.eps Graphic file (type eps)
 <EPSfiles/matplotlib1.eps> [379]
[380] [381]
l. 6592 Writing PmagPy.idv[98] (PmagPy97x.png)
File: EPSfiles/matplotlib2.eps Graphic file (type eps)
 <EPSfiles/matplotlib2.eps> [382] [383] [384] [385]
l. 6650 Writing PmagPy.idv[99] (PmagPy98x.png)
File: EPSfiles/matplotlib3.eps Graphic file (type eps)

<EPSfiles/matplotlib3.eps> [386] [387]
l. 6684 Writing PmagPy.idv[100] (PmagPy99x.png)
File: EPSfiles/matplotlib4.eps Graphic file (type eps)
 <EPSfiles/matplotlib4.eps> [388]
[389] [390]
Chapter 7.
[391

]
l. 6710 Writing PmagPy.idv[101] (PmagPy100x.png)
File: EPSfiles/notebook.eps Graphic file (type eps)
 <EPSfiles/notebook.eps> [392]
l. 6718 Writing PmagPy.idv[102] (PmagPy101x.png)
File: EPSfiles/SnakeRiver.eps Graphic file (type eps)
 <EPSfiles/SnakeRiver.eps> [393] [394]
[395

] [396] [397] [398] [399]
Package atveryend Info: Empty hook `BeforeClearDocument' on input line 6932.
 [400]
Package atveryend Info: Empty hook `AfterLastShipout' on input line 6932.
 (./PmagPy.aux)
Package atveryend Info: Empty hook `AtVeryEndDocument' on input line 6932.
Package atveryend Info: Empty hook `AtEndAfterFileList' on input line 6932.


LaTeX Warning: There were undefined references.

Package atveryend Info: Empty hook `AtVeryVeryEnd' on input line 6932.
 )
(\end occurred inside a group at level 4)

### simple group (level 4) entered at line 6622 ({)
### simple group (level 3) entered at line 5355 ({)
### simple group (level 2) entered at line 1122 ({)
### simple group (level 1) entered at line 38 ({)
### bottom level 
Here is how much of TeX's memory you used:
 10422 strings out of 493090
 144814 string characters out of 6134868
 343006 words of memory out of 5000000
 13616 multiletter control sequences out of 15000+600000
 15547 words of font info for 57 fonts, out of 8000000 for 9000
 1141 hyphenation exceptions out of 8191
 37i,9n,32p,135870b,2351s stack positions out of 5000i,500n,10000p,200000b,80000s

Output written on PmagPy.dvi (409 pages, 1103984 bytes).
