\BOOKMARK [0][-]{chapter.1}{Installing PmagPy}{}% 1
\BOOKMARK [0][-]{chapter.2}{QuickMagIC.py Tutorial}{}% 2
\BOOKMARK [1][-]{section.2.1}{Converting magnetometer files to MagIC format}{chapter.2}% 3
\BOOKMARK [1][-]{section.2.2}{Optional: Calculate geographic / tilt-corrected direction}{chapter.2}% 4
\BOOKMARK [1][-]{section.2.3}{Filling in the EarthRef data}{chapter.2}% 5
\BOOKMARK [1][-]{section.2.4}{Demag GUI program}{chapter.2}% 6
\BOOKMARK [1][-]{section.2.5}{Thellier GUI program}{chapter.2}% 7
\BOOKMARK [1][-]{section.2.6}{Upload to the database }{chapter.2}% 8
\BOOKMARK [1][-]{section.2.7}{Downloading data from MagIC}{chapter.2}% 9
\BOOKMARK [1][-]{section.2.8}{Preparing for MagIC}{chapter.2}% 10
\BOOKMARK [2][-]{subsection.2.8.1}{Field and sampling information}{section.2.8}% 11
\BOOKMARK [3][-]{section*.2}{Data files downloaded from the IODP \(LIMS\) database}{subsection.2.8.1}% 12
\BOOKMARK [2][-]{subsection.2.8.2}{Supported Rock Magnetometer files}{section.2.8}% 13
\BOOKMARK [3][-]{section*.3}{Hysteresis file formats}{subsection.2.8.2}% 14
\BOOKMARK [0][-]{chapter.3}{Survival computer skills}{}% 15
\BOOKMARK [1][-]{section.3.1}{Finding your command line}{chapter.3}% 16
\BOOKMARK [1][-]{section.3.2}{File systems}{chapter.3}% 17
\BOOKMARK [1][-]{section.3.3}{Moving around in the file system}{chapter.3}% 18
\BOOKMARK [1][-]{section.3.4}{Redirecting input and output}{chapter.3}% 19
\BOOKMARK [1][-]{section.3.5}{Text editors}{chapter.3}% 20
\BOOKMARK [0][-]{chapter.4}{The PmagPy software package}{}% 21
\BOOKMARK [1][-]{section.4.1}{The graphical demagnetization data analysis program}{chapter.4}% 22
\BOOKMARK [2][-]{subsection.4.1.1}{Launching}{section.4.1}% 23
\BOOKMARK [2][-]{subsection.4.1.2}{Interpretation of Specimen Data}{section.4.1}% 24
\BOOKMARK [3][-]{section*.4}{Adding Interpretations:}{subsection.4.1.2}% 25
\BOOKMARK [3][-]{section*.5}{Flagging Bad Measurement Data}{subsection.4.1.2}% 26
\BOOKMARK [3][-]{section*.6}{Plot Interface}{subsection.4.1.2}% 27
\BOOKMARK [3][-]{section*.7}{Saving Specimen Interpretations}{subsection.4.1.2}% 28
\BOOKMARK [3][-]{section*.11}{Deleting Specimen Interpretations}{subsection.4.1.2}% 29
\BOOKMARK [2][-]{subsection.4.1.3}{Higher Level Plots and Interpretation}{section.4.1}% 30
\BOOKMARK [3][-]{section*.12}{Interpretation Editor}{subsection.4.1.3}% 31
\BOOKMARK [1][-]{section.4.2}{The command line PmagPy programs}{chapter.4}% 32
\BOOKMARK [1][-]{section.4.3}{Examples of how to use PmagPy programs}{chapter.4}% 33
\BOOKMARK [2][-]{subsection.4.3.1}{aarm\137magic.py}{section.4.3}% 34
\BOOKMARK [2][-]{subsection.4.3.2}{angle.py }{section.4.3}% 35
\BOOKMARK [2][-]{subsection.4.3.3}{ANI\137depthplot.py}{section.4.3}% 36
\BOOKMARK [2][-]{subsection.4.3.4}{aniso\137magic.py}{section.4.3}% 37
\BOOKMARK [2][-]{subsection.4.3.5}{apwp.py }{section.4.3}% 38
\BOOKMARK [2][-]{subsection.4.3.6}{atrm\137magic.py}{section.4.3}% 39
\BOOKMARK [2][-]{subsection.4.3.7}{azdip\137magic.py}{section.4.3}% 40
\BOOKMARK [2][-]{subsection.4.3.8}{b\137vdm.py}{section.4.3}% 41
\BOOKMARK [2][-]{subsection.4.3.9}{basemap\137magic.py}{section.4.3}% 42
\BOOKMARK [2][-]{subsection.4.3.10}{biplot\137magic.py}{section.4.3}% 43
\BOOKMARK [2][-]{subsection.4.3.11}{bootams.py}{section.4.3}% 44
\BOOKMARK [2][-]{subsection.4.3.12}{cart\137dir.py}{section.4.3}% 45
\BOOKMARK [2][-]{subsection.4.3.13}{chartmaker.py}{section.4.3}% 46
\BOOKMARK [2][-]{subsection.4.3.14}{chi\137magic.py}{section.4.3}% 47
\BOOKMARK [2][-]{subsection.4.3.15}{combine\137magic.py}{section.4.3}% 48
\BOOKMARK [2][-]{subsection.4.3.16}{common\137mean.py}{section.4.3}% 49
\BOOKMARK [2][-]{subsection.4.3.17}{cont\137rot.py}{section.4.3}% 50
\BOOKMARK [2][-]{subsection.4.3.18}{convert2unix.py}{section.4.3}% 51
\BOOKMARK [2][-]{subsection.4.3.19}{convert\137samples.py}{section.4.3}% 52
\BOOKMARK [2][-]{subsection.4.3.20}{core\137depthplot.py}{section.4.3}% 53
\BOOKMARK [2][-]{subsection.4.3.21}{curie.py}{section.4.3}% 54
\BOOKMARK [2][-]{subsection.4.3.22}{customize\137criteria.py}{section.4.3}% 55
\BOOKMARK [2][-]{subsection.4.3.23}{dayplot\137magic.py}{section.4.3}% 56
\BOOKMARK [2][-]{subsection.4.3.24}{demag\137gui.py}{section.4.3}% 57
\BOOKMARK [2][-]{subsection.4.3.25}{di\137eq.py}{section.4.3}% 58
\BOOKMARK [2][-]{subsection.4.3.26}{di\137geo.py}{section.4.3}% 59
\BOOKMARK [2][-]{subsection.4.3.27}{di\137rot.py}{section.4.3}% 60
\BOOKMARK [2][-]{subsection.4.3.28}{di\137tilt.py}{section.4.3}% 61
\BOOKMARK [2][-]{subsection.4.3.29}{di\137vgp.py}{section.4.3}% 62
\BOOKMARK [2][-]{subsection.4.3.30}{dipole\137pinc.py}{section.4.3}% 63
\BOOKMARK [2][-]{subsection.4.3.31}{dipole\137plat.py}{section.4.3}% 64
\BOOKMARK [2][-]{subsection.4.3.32}{dir\137cart.py}{section.4.3}% 65
\BOOKMARK [2][-]{subsection.4.3.33}{dmag\137magic.py}{section.4.3}% 66
\BOOKMARK [2][-]{subsection.4.3.34}{download\137magic.py}{section.4.3}% 67
\BOOKMARK [2][-]{subsection.4.3.35}{eigs\137s.py}{section.4.3}% 68
\BOOKMARK [2][-]{subsection.4.3.36}{eq\137di.py}{section.4.3}% 69
\BOOKMARK [2][-]{subsection.4.3.37}{eqarea.py}{section.4.3}% 70
\BOOKMARK [2][-]{subsection.4.3.38}{eqarea\137ell.py}{section.4.3}% 71
\BOOKMARK [2][-]{subsection.4.3.39}{eqarea\137magic.py}{section.4.3}% 72
\BOOKMARK [2][-]{subsection.4.3.40}{find\137EI.py}{section.4.3}% 73
\BOOKMARK [2][-]{subsection.4.3.41}{fisher.py}{section.4.3}% 74
\BOOKMARK [2][-]{subsection.4.3.42}{fishqq.py}{section.4.3}% 75
\BOOKMARK [2][-]{subsection.4.3.43}{fishrot.py}{section.4.3}% 76
\BOOKMARK [2][-]{subsection.4.3.44}{foldtest.py}{section.4.3}% 77
\BOOKMARK [2][-]{subsection.4.3.45}{foldtest\137magic.py}{section.4.3}% 78
\BOOKMARK [2][-]{subsection.4.3.46}{gaussian.py}{section.4.3}% 79
\BOOKMARK [2][-]{subsection.4.3.47}{gobing.py}{section.4.3}% 80
\BOOKMARK [2][-]{subsection.4.3.48}{gofish.py}{section.4.3}% 81
\BOOKMARK [2][-]{subsection.4.3.49}{gokent.py}{section.4.3}% 82
\BOOKMARK [2][-]{subsection.4.3.50}{goprinc.py}{section.4.3}% 83
\BOOKMARK [2][-]{subsection.4.3.51}{grab\137magic\137key.py}{section.4.3}% 84
\BOOKMARK [2][-]{subsection.4.3.52}{histplot.py}{section.4.3}% 85
\BOOKMARK [2][-]{subsection.4.3.53}{hysteresis\137magic.py}{section.4.3}% 86
\BOOKMARK [2][-]{subsection.4.3.54}{igrf.py}{section.4.3}% 87
\BOOKMARK [2][-]{subsection.4.3.55}{install\137etopo.py}{section.4.3}% 88
\BOOKMARK [2][-]{subsection.4.3.56}{incfish.py}{section.4.3}% 89
\BOOKMARK [2][-]{subsection.4.3.57}{irmaq\137magic.py}{section.4.3}% 90
\BOOKMARK [2][-]{subsection.4.3.58}{k15\137magic.py}{section.4.3}% 91
\BOOKMARK [2][-]{subsection.4.3.59}{k15\137s.py}{section.4.3}% 92
\BOOKMARK [2][-]{subsection.4.3.60}{KLY4S\137magic.py}{section.4.3}% 93
\BOOKMARK [2][-]{subsection.4.3.61}{lnp\137magic.py}{section.4.3}% 94
\BOOKMARK [2][-]{subsection.4.3.62}{lowrie.py}{section.4.3}% 95
\BOOKMARK [2][-]{subsection.4.3.63}{lowrie\137magic.py}{section.4.3}% 96
\BOOKMARK [2][-]{subsection.4.3.64}{magic\137select.py}{section.4.3}% 97
\BOOKMARK [2][-]{subsection.4.3.65}{make\137magic\137plots.py}{section.4.3}% 98
\BOOKMARK [2][-]{subsection.4.3.66}{Measurement Import Scripts}{section.4.3}% 99
\BOOKMARK [3][-]{section*.13}{2G\137bin\137magic.py}{subsection.4.3.66}% 100
\BOOKMARK [3][-]{section*.14}{AGM\137magic.py}{subsection.4.3.66}% 101
\BOOKMARK [3][-]{section*.15}{CIT\137magic.py}{subsection.4.3.66}% 102
\BOOKMARK [3][-]{section*.16}{generic\137magic.py}{subsection.4.3.66}% 103
\BOOKMARK [3][-]{section*.17}{HUJI\137magic.py}{subsection.4.3.66}% 104
\BOOKMARK [3][-]{section*.18}{LDEO\137magic.py}{subsection.4.3.66}% 105
\BOOKMARK [3][-]{section*.19}{IODP\137csv\137magic.py}{subsection.4.3.66}% 106
\BOOKMARK [3][-]{section*.20}{PMD\137magic.py}{subsection.4.3.66}% 107
\BOOKMARK [3][-]{section*.21}{sio\137magic.py}{subsection.4.3.66}% 108
\BOOKMARK [3][-]{section*.22}{SUFAR4-asc\137magic.py}{subsection.4.3.66}% 109
\BOOKMARK [3][-]{section*.23}{TDT\137magic.py}{subsection.4.3.66}% 110
\BOOKMARK [2][-]{subsection.4.3.67}{measurements\137normalize.py}{section.4.3}% 111
\BOOKMARK [2][-]{subsection.4.3.68}{mk\137redo.py}{section.4.3}% 112
\BOOKMARK [2][-]{subsection.4.3.69}{nrm\137specimens\137magic.py}{section.4.3}% 113
\BOOKMARK [2][-]{subsection.4.3.70}{orientation\137magic.py}{section.4.3}% 114
\BOOKMARK [2][-]{subsection.4.3.71}{parse\137measurements.py}{section.4.3}% 115
\BOOKMARK [2][-]{subsection.4.3.72}{pca.py}{section.4.3}% 116
\BOOKMARK [2][-]{subsection.4.3.73}{plotXY.py}{section.4.3}% 117
\BOOKMARK [2][-]{subsection.4.3.74}{plot\137cdf.py}{section.4.3}% 118
\BOOKMARK [2][-]{subsection.4.3.75}{plot\137magic\137keys.py}{section.4.3}% 119
\BOOKMARK [2][-]{subsection.4.3.76}{plot\137mapPTS.py}{section.4.3}% 120
\BOOKMARK [2][-]{subsection.4.3.77}{plotdi\137a.py}{section.4.3}% 121
\BOOKMARK [2][-]{subsection.4.3.78}{pmag\137results\137extract.py}{section.4.3}% 122
\BOOKMARK [2][-]{subsection.4.3.79}{pt\137rot.py}{section.4.3}% 123
\BOOKMARK [2][-]{subsection.4.3.80}{qqlot.py}{section.4.3}% 124
\BOOKMARK [2][-]{subsection.4.3.81}{quick\137hyst.py}{section.4.3}% 125
\BOOKMARK [2][-]{subsection.4.3.82}{revtest.py}{section.4.3}% 126
\BOOKMARK [2][-]{subsection.4.3.83}{revtest\137magic.py}{section.4.3}% 127
\BOOKMARK [2][-]{subsection.4.3.84}{revtest\137MM1990.py}{section.4.3}% 128
\BOOKMARK [2][-]{subsection.4.3.85}{s\137eigs.py}{section.4.3}% 129
\BOOKMARK [2][-]{subsection.4.3.86}{s\137geo.py}{section.4.3}% 130
\BOOKMARK [2][-]{subsection.4.3.87}{s\137hext.py}{section.4.3}% 131
\BOOKMARK [2][-]{subsection.4.3.88}{s\137tilt.py}{section.4.3}% 132
\BOOKMARK [2][-]{subsection.4.3.89}{s\137magic.py}{section.4.3}% 133
\BOOKMARK [2][-]{subsection.4.3.90}{scalc.py}{section.4.3}% 134
\BOOKMARK [2][-]{subsection.4.3.91}{scalc\137magic.py}{section.4.3}% 135
\BOOKMARK [2][-]{subsection.4.3.92}{site\137edit\137magic.py}{section.4.3}% 136
\BOOKMARK [2][-]{subsection.4.3.93}{specimens\137results\137magic.py}{section.4.3}% 137
\BOOKMARK [2][-]{subsection.4.3.94}{stats.py}{section.4.3}% 138
\BOOKMARK [2][-]{subsection.4.3.95}{strip\137magic.py}{section.4.3}% 139
\BOOKMARK [2][-]{subsection.4.3.96}{sundec.py}{section.4.3}% 140
\BOOKMARK [2][-]{subsection.4.3.97}{thellier\137gui.py}{section.4.3}% 141
\BOOKMARK [3][-]{section*.24}{Starting the GUI}{subsection.4.3.97}% 142
\BOOKMARK [3][-]{section*.25}{Reading and compiling measurements data}{subsection.4.3.97}% 143
\BOOKMARK [3][-]{section*.26}{Main panel}{subsection.4.3.97}% 144
\BOOKMARK [2][-]{subsection.4.3.98}{thellier\137magic.py}{section.4.3}% 145
\BOOKMARK [2][-]{subsection.4.3.99}{thellier\137magic\137redo.py}{section.4.3}% 146
\BOOKMARK [2][-]{subsection.4.3.100}{tk03.py}{section.4.3}% 147
\BOOKMARK [2][-]{subsection.4.3.101}{uniform.py}{section.4.3}% 148
\BOOKMARK [2][-]{subsection.4.3.102}{update\137measurements.py}{section.4.3}% 149
\BOOKMARK [2][-]{subsection.4.3.103}{upload\137magic.py}{section.4.3}% 150
\BOOKMARK [2][-]{subsection.4.3.104}{vdm\137b.py}{section.4.3}% 151
\BOOKMARK [2][-]{subsection.4.3.105}{vector\137mean.py}{section.4.3}% 152
\BOOKMARK [2][-]{subsection.4.3.106}{vgp\137di.py}{section.4.3}% 153
\BOOKMARK [2][-]{subsection.4.3.107}{vgpmap\137magic.py}{section.4.3}% 154
\BOOKMARK [2][-]{subsection.4.3.108}{watsonsF.py}{section.4.3}% 155
\BOOKMARK [2][-]{subsection.4.3.109}{watsonsV.py}{section.4.3}% 156
\BOOKMARK [2][-]{subsection.4.3.110}{zeq.py}{section.4.3}% 157
\BOOKMARK [2][-]{subsection.4.3.111}{zeq\137magic.py}{section.4.3}% 158
\BOOKMARK [2][-]{subsection.4.3.112}{zeq\137magic\137redo.py}{section.4.3}% 159
\BOOKMARK [1][-]{section.4.4}{Complaints department}{chapter.4}% 160
\BOOKMARK [0][-]{chapter.5}{The MagIC database and file formats}{}% 161
\BOOKMARK [1][-]{section.5.1}{Structure of the database tables}{chapter.5}% 162
\BOOKMARK [1][-]{section.5.2}{A word about method codes}{chapter.5}% 163
\BOOKMARK [0][-]{chapter.6}{Introduction to Python Programming}{}% 164
\BOOKMARK [1][-]{section.6.1}{A first look at NumPy}{chapter.6}% 165
\BOOKMARK [1][-]{section.6.2}{Variable types}{chapter.6}% 166
\BOOKMARK [1][-]{section.6.3}{Data Structures}{chapter.6}% 167
\BOOKMARK [2][-]{section*.27}{Lists}{section.6.3}% 168
\BOOKMARK [3][-]{section*.28}{More about strings}{section*.27}% 169
\BOOKMARK [3][-]{section*.29}{Data structures as objects}{section*.27}% 170
\BOOKMARK [3][-]{section*.30}{Tuples}{section*.27}% 171
\BOOKMARK [3][-]{section*.31}{Dictionaries!}{section*.27}% 172
\BOOKMARK [3][-]{section*.32}{N-dimensional arrays}{section*.27}% 173
\BOOKMARK [1][-]{section.6.4}{Pandas}{chapter.6}% 174
\BOOKMARK [1][-]{section.6.5}{Python Scripts}{chapter.6}% 175
\BOOKMARK [1][-]{section.6.6}{Code blocks}{chapter.6}% 176
\BOOKMARK [2][-]{section*.33}{The for loop}{section.6.6}% 177
\BOOKMARK [3][-]{section*.34}{Looping through lists}{section*.33}% 178
\BOOKMARK [3][-]{section*.35}{Looping through arrays}{section*.33}% 179
\BOOKMARK [3][-]{section*.36}{If and while blocks}{section*.33}% 180
\BOOKMARK [3][-]{section*.37}{Finer points of `if' blocks}{section*.33}% 181
\BOOKMARK [3][-]{section*.38}{While loops}{section*.33}% 182
\BOOKMARK [3][-]{section*.39}{Code blocks in interactive Python}{section*.33}% 183
\BOOKMARK [1][-]{section.6.7}{File I/O in Python}{chapter.6}% 184
\BOOKMARK [2][-]{section*.40}{Reading data in}{section.6.7}% 185
\BOOKMARK [3][-]{section*.41}{From a file}{section*.40}% 186
\BOOKMARK [3][-]{section*.42}{From Standard Input }{section*.40}% 187
\BOOKMARK [3][-]{section*.43}{Command line switches}{section*.40}% 188
\BOOKMARK [3][-]{section*.44}{Reading numeric files}{section*.40}% 189
\BOOKMARK [3][-]{section*.45}{Writing data out}{section*.40}% 190
\BOOKMARK [1][-]{section.6.8}{Functions}{chapter.6}% 191
\BOOKMARK [2][-]{section*.46}{Line by line analysis}{section.6.8}% 192
\BOOKMARK [3][-]{section*.47}{def FUNCNAME\(in\137args\):}{section*.46}% 193
\BOOKMARK [3][-]{section*.48}{Doc String}{section*.46}% 194
\BOOKMARK [3][-]{section*.49}{Function body}{section*.46}% 195
\BOOKMARK [3][-]{section*.50}{Return statement}{section*.46}% 196
\BOOKMARK [3][-]{section*.51}{Main program as function}{section*.46}% 197
\BOOKMARK [3][-]{section*.52}{Scope of variables}{section*.46}% 198
\BOOKMARK [1][-]{section.6.9}{Classes}{chapter.6}% 199
\BOOKMARK [1][-]{section.6.10}{Matplotlib}{chapter.6}% 200
\BOOKMARK [2][-]{section*.53}{A first plot}{section.6.10}% 201
\BOOKMARK [3][-]{section*.54}{Multiple figures and more customization}{section*.53}% 202
\BOOKMARK [3][-]{section*.55}{Adding text}{section*.53}% 203
\BOOKMARK [0][-]{chapter.7}{Jupyter Notebooks}{}% 204
