This is pdfTeX, Version 3.1415926-2.3-1.40.12 (TeX Live 2011) (format=pdflatex 2011.7.3)  23 OCT 2012 22:22
entering extended mode
 \write18 enabled.
 file:line:error style messages enabled.
 %&-line parsing enabled.
**Thellier_GUI_tutorial.tex
(./Thellier_GUI_tutorial.tex
LaTeX2e <2009/09/24>
Babel <v3.8l> and hyphenation patterns for english, dumylang, nohyphenation, ge
rman-x-2009-06-19, ngerman-x-2009-06-19, afrikaans, ancientgreek, ibycus, arabi
c, armenian, basque, bulgarian, catalan, pinyin, coptic, croatian, czech, danis
h, dutch, ukenglish, usenglishmax, esperanto, estonian, ethiopic, farsi, finnis
h, french, galician, german, ngerman, swissgerman, monogreek, greek, hungarian,
 icelandic, assamese, bengali, gujarati, hindi, kannada, malayalam, marathi, or
iya, panjabi, tamil, telugu, indonesian, interlingua, irish, italian, kurmanji,
 lao, latin, latvian, lithuanian, mongolian, mongolianlmc, bokmal, nynorsk, pol
ish, portuguese, romanian, russian, sanskrit, serbian, serbianc, slovak, sloven
ian, spanish, swedish, turkish, turkmen, ukrainian, uppersorbian, welsh, loaded
.
(/usr/local/texlive/2011/texmf-dist/tex/latex/base/article.cls
Document Class: article 2007/10/19 v1.4h Standard LaTeX document class
(/usr/local/texlive/2011/texmf-dist/tex/latex/base/size12.clo
File: size12.clo 2007/10/19 v1.4h Standard LaTeX file (size option)
)
\c@part=\count79
\c@section=\count80
\c@subsection=\count81
\c@subsubsection=\count82
\c@paragraph=\count83
\c@subparagraph=\count84
\c@figure=\count85
\c@table=\count86
\abovecaptionskip=\skip41
\belowcaptionskip=\skip42
\bibindent=\dimen102
)
(/usr/local/texlive/2011/texmf-dist/tex/latex/amsmath/amsmath.sty
Package: amsmath 2000/07/18 v2.13 AMS math features
\@mathmargin=\skip43

For additional information on amsmath, use the `?' option.
(/usr/local/texlive/2011/texmf-dist/tex/latex/amsmath/amstext.sty
Package: amstext 2000/06/29 v2.01

(/usr/local/texlive/2011/texmf-dist/tex/latex/amsmath/amsgen.sty
File: amsgen.sty 1999/11/30 v2.0
\@emptytoks=\toks14
\ex@=\dimen103
))
(/usr/local/texlive/2011/texmf-dist/tex/latex/amsmath/amsbsy.sty
Package: amsbsy 1999/11/29 v1.2d
\pmbraise@=\dimen104
)
(/usr/local/texlive/2011/texmf-dist/tex/latex/amsmath/amsopn.sty
Package: amsopn 1999/12/14 v2.01 operator names
)
\inf@bad=\count87
LaTeX Info: Redefining \frac on input line 211.
\uproot@=\count88
\leftroot@=\count89
LaTeX Info: Redefining \overline on input line 307.
\classnum@=\count90
\DOTSCASE@=\count91
LaTeX Info: Redefining \ldots on input line 379.
LaTeX Info: Redefining \dots on input line 382.
LaTeX Info: Redefining \cdots on input line 467.
\Mathstrutbox@=\box26
\strutbox@=\box27
\big@size=\dimen105
LaTeX Font Info:    Redeclaring font encoding OML on input line 567.
LaTeX Font Info:    Redeclaring font encoding OMS on input line 568.
\macc@depth=\count92
\c@MaxMatrixCols=\count93
\dotsspace@=\muskip10
\c@parentequation=\count94
\dspbrk@lvl=\count95
\tag@help=\toks15
\row@=\count96
\column@=\count97
\maxfields@=\count98
\andhelp@=\toks16
\eqnshift@=\dimen106
\alignsep@=\dimen107
\tagshift@=\dimen108
\tagwidth@=\dimen109
\totwidth@=\dimen110
\lineht@=\dimen111
\@envbody=\toks17
\multlinegap=\skip44
\multlinetaggap=\skip45
\mathdisplay@stack=\toks18
LaTeX Info: Redefining \[ on input line 2666.
LaTeX Info: Redefining \] on input line 2667.
)
(/usr/local/texlive/2011/texmf-dist/tex/latex/graphics/graphicx.sty
Package: graphicx 1999/02/16 v1.0f Enhanced LaTeX Graphics (DPC,SPQR)

(/usr/local/texlive/2011/texmf-dist/tex/latex/graphics/keyval.sty
Package: keyval 1999/03/16 v1.13 key=value parser (DPC)
\KV@toks@=\toks19
)
(/usr/local/texlive/2011/texmf-dist/tex/latex/graphics/graphics.sty
Package: graphics 2009/02/05 v1.0o Standard LaTeX Graphics (DPC,SPQR)

(/usr/local/texlive/2011/texmf-dist/tex/latex/graphics/trig.sty
Package: trig 1999/03/16 v1.09 sin cos tan (DPC)
)
(/usr/local/texlive/2011/texmf-dist/tex/latex/latexconfig/graphics.cfg
File: graphics.cfg 2010/04/23 v1.9 graphics configuration of TeX Live
)
Package graphics Info: Driver file: pdftex.def on input line 91.

(/usr/local/texlive/2011/texmf-dist/tex/latex/pdftex-def/pdftex.def
File: pdftex.def 2011/05/27 v0.06d Graphics/color for pdfTeX

(/usr/local/texlive/2011/texmf-dist/tex/generic/oberdiek/infwarerr.sty
Package: infwarerr 2010/04/08 v1.3 Providing info/warning/message (HO)
)
(/usr/local/texlive/2011/texmf-dist/tex/generic/oberdiek/ltxcmds.sty
Package: ltxcmds 2011/04/18 v1.20 LaTeX kernel commands for general use (HO)
)
\Gread@gobject=\count99
))
\Gin@req@height=\dimen112
\Gin@req@width=\dimen113
)
(/usr/local/texlive/2011/texmf-dist/tex/latex/url/url.sty
\Urlmuskip=\muskip11
Package: url 2006/04/12  ver 3.3  Verb mode for urls, etc.
)
(./Thellier_GUI_tutorial.aux)
\openout1 = `Thellier_GUI_tutorial.aux'.

LaTeX Font Info:    Checking defaults for OML/cmm/m/it on input line 12.
LaTeX Font Info:    ... okay on input line 12.
LaTeX Font Info:    Checking defaults for T1/cmr/m/n on input line 12.
LaTeX Font Info:    ... okay on input line 12.
LaTeX Font Info:    Checking defaults for OT1/cmr/m/n on input line 12.
LaTeX Font Info:    ... okay on input line 12.
LaTeX Font Info:    Checking defaults for OMS/cmsy/m/n on input line 12.
LaTeX Font Info:    ... okay on input line 12.
LaTeX Font Info:    Checking defaults for OMX/cmex/m/n on input line 12.
LaTeX Font Info:    ... okay on input line 12.
LaTeX Font Info:    Checking defaults for U/cmr/m/n on input line 12.
LaTeX Font Info:    ... okay on input line 12.

(/usr/local/texlive/2011/texmf-dist/tex/context/base/supp-pdf.mkii
[Loading MPS to PDF converter (version 2006.09.02).]
\scratchcounter=\count100
\scratchdimen=\dimen114
\scratchbox=\box28
\nofMPsegments=\count101
\nofMParguments=\count102
\everyMPshowfont=\toks20
\MPscratchCnt=\count103
\MPscratchDim=\dimen115
\MPnumerator=\count104
\makeMPintoPDFobject=\count105
\everyMPtoPDFconversion=\toks21
) (/usr/local/texlive/2011/texmf-dist/tex/generic/oberdiek/pdftexcmds.sty
Package: pdftexcmds 2011/04/22 v0.16 Utilities of pdfTeX for LuaTeX (HO)

(/usr/local/texlive/2011/texmf-dist/tex/generic/oberdiek/ifluatex.sty
Package: ifluatex 2010/03/01 v1.3 Provides the ifluatex switch (HO)
Package ifluatex Info: LuaTeX not detected.
)
(/usr/local/texlive/2011/texmf-dist/tex/generic/oberdiek/ifpdf.sty
Package: ifpdf 2011/01/30 v2.3 Provides the ifpdf switch (HO)
Package ifpdf Info: pdfTeX in PDF mode is detected.
)
Package pdftexcmds Info: LuaTeX not detected.
Package pdftexcmds Info: \pdf@primitive is available.
Package pdftexcmds Info: \pdf@ifprimitive is available.
Package pdftexcmds Info: \pdfdraftmode found.
)
(/usr/local/texlive/2011/texmf-dist/tex/latex/oberdiek/epstopdf-base.sty
Package: epstopdf-base 2010/02/09 v2.5 Base part for package epstopdf

(/usr/local/texlive/2011/texmf-dist/tex/latex/oberdiek/grfext.sty
Package: grfext 2010/08/19 v1.1 Managing graphics extensions (HO)

(/usr/local/texlive/2011/texmf-dist/tex/generic/oberdiek/kvdefinekeys.sty
Package: kvdefinekeys 2011/04/07 v1.3 Defining keys (HO)
))
(/usr/local/texlive/2011/texmf-dist/tex/latex/oberdiek/kvoptions.sty
Package: kvoptions 2010/12/23 v3.10 Keyval support for LaTeX options (HO)

(/usr/local/texlive/2011/texmf-dist/tex/generic/oberdiek/kvsetkeys.sty
Package: kvsetkeys 2011/04/07 v1.13 Key value parser (HO)

(/usr/local/texlive/2011/texmf-dist/tex/generic/oberdiek/etexcmds.sty
Package: etexcmds 2011/02/16 v1.5 Prefix for e-TeX command names (HO)
Package etexcmds Info: Could not find \expanded.
(etexcmds)             That can mean that you are not using pdfTeX 1.50 or
(etexcmds)             that some package has redefined \expanded.
(etexcmds)             In the latter case, load this package earlier.
)))
Package grfext Info: Graphics extension search list:
(grfext)             [.png,.pdf,.jpg,.mps,.jpeg,.jbig2,.jb2,.PNG,.PDF,.JPG,.JPE
G,.JBIG2,.JB2,.eps]
(grfext)             \AppendGraphicsExtensions on input line 452.

(/usr/local/texlive/2011/texmf-dist/tex/latex/latexconfig/epstopdf-sys.cfg
File: epstopdf-sys.cfg 2010/07/13 v1.3 Configuration of (r)epstopdf for TeX Liv
e
))

LaTeX Warning: No \author given.


Overfull \hbox (84.04684pt too wide) in paragraph at lines 23--26
\OT1/cmr/m/n/12 started (Fig.1) . The Project di-rec-tory should in-clude a fil
e named "magic[]measurements.txt".
 []

Package epstopdf Info: Source file: <EPSFiles/Screenshot_choose_directory.eps>
(epstopdf)                    date: 2012-10-23 10:06:46
(epstopdf)                    size: 2132082 bytes
(epstopdf)             Output file: <EPSFiles/Screenshot_choose_directory-eps-c
onverted-to.pdf>
(epstopdf)                    date: 2012-10-23 10:13:15
(epstopdf)                    size: 189563 bytes
(epstopdf)             Command: <epstopdf --outfile=EPSFiles/Screenshot_choose_
directory-eps-converted-to.pdf EPSFiles/Screenshot_choose_directory.eps>
(epstopdf)             \includegraphics on input line 28.
Package epstopdf Info: Output file is already uptodate.

<EPSFiles/Screenshot_choose_directory-eps-converted-to.pdf, id=1, 1179.40625pt 
x 644.4075pt>
File: EPSFiles/Screenshot_choose_directory-eps-converted-to.pdf Graphic file (t
ype pdf)
 <use EPSFiles/Screenshot_choose_directory-eps-converted-to.pdf>
Package pdftex.def Info: EPSFiles/Screenshot_choose_directory-eps-converted-to.
pdf used on input line 28.
(pdftex.def)             Requested size: 390.0pt x 213.08777pt.


LaTeX Warning: `!h' float specifier changed to `!ht'.

[1

{/usr/local/texlive/2011/texmf-var/fonts/map/pdftex/updmap/pdftex.map}]
[2 <./EPSFiles/Screenshot_choose_directory-eps-converted-to.pdf>]
Package epstopdf Info: Source file: <EPSFiles/Screenshot_main_panel.eps>
(epstopdf)                    date: 2012-10-23 10:07:27
(epstopdf)                    size: 3370670 bytes
(epstopdf)             Output file: <EPSFiles/Screenshot_main_panel-eps-convert
ed-to.pdf>
(epstopdf)                    date: 2012-10-23 10:13:16
(epstopdf)                    size: 483625 bytes
(epstopdf)             Command: <epstopdf --outfile=EPSFiles/Screenshot_main_pa
nel-eps-converted-to.pdf EPSFiles/Screenshot_main_panel.eps>
(epstopdf)             \includegraphics on input line 47.
Package epstopdf Info: Output file is already uptodate.

<EPSFiles/Screenshot_main_panel-eps-converted-to.pdf, id=17, 1284.8pt x 803.0pt
>
File: EPSFiles/Screenshot_main_panel-eps-converted-to.pdf Graphic file (type pd
f)
 <use EPSFiles/Screenshot_main_panel-eps-converted-to.pdf>
Package pdftex.def Info: EPSFiles/Screenshot_main_panel-eps-converted-to.pdf us
ed on input line 47.
(pdftex.def)             Requested size: 390.0pt x 243.7445pt.

Underfull \hbox (badness 10000) in paragraph at lines 51--72

 []


Underfull \hbox (badness 10000) in paragraph at lines 51--72

 []


Underfull \hbox (badness 10000) in paragraph at lines 51--72

 []

[3 <./EPSFiles/Screenshot_main_panel-eps-converted-to.pdf>]
Underfull \hbox (badness 10000) in paragraph at lines 75--78

 []

[4]
Underfull \hbox (badness 10000) in paragraph at lines 80--89

 []

[5]
Package epstopdf Info: Source file: <EPSFiles/Screenshot_criteria_dialog.eps>
(epstopdf)                    date: 2012-10-23 10:06:21
(epstopdf)                    size: 1891802 bytes
(epstopdf)             Output file: <EPSFiles/Screenshot_criteria_dialog-eps-co
nverted-to.pdf>
(epstopdf)                    date: 2012-10-23 10:13:17
(epstopdf)                    size: 164547 bytes
(epstopdf)             Command: <epstopdf --outfile=EPSFiles/Screenshot_criteri
a_dialog-eps-converted-to.pdf EPSFiles/Screenshot_criteria_dialog.eps>
(epstopdf)             \includegraphics on input line 91.
Package epstopdf Info: Output file is already uptodate.

<EPSFiles/Screenshot_criteria_dialog-eps-converted-to.pdf, id=32, 1159.33125pt 
x 565.11125pt>
File: EPSFiles/Screenshot_criteria_dialog-eps-converted-to.pdf Graphic file (ty
pe pdf)
 <use EPSFiles/Screenshot_criteria_dialog-eps-converted-to.pdf>
Package pdftex.def Info: EPSFiles/Screenshot_criteria_dialog-eps-converted-to.p
df used on input line 91.
(pdftex.def)             Requested size: 390.0pt x 190.10028pt.

Underfull \hbox (badness 10000) in paragraph at lines 97--122

 []


Underfull \hbox (badness 10000) in paragraph at lines 97--122

 []


Overfull \hbox (28.49431pt too wide) in paragraph at lines 97--122
\OT1/cmr/bx/n/12 Open auto in-ter-preter out-put file: \OT1/cmr/m/n/12 Open out
-put files of the Thel-lier[]interpreter
 []


Underfull \hbox (badness 10000) in paragraph at lines 97--122

 []

[6 <./EPSFiles/Screenshot_criteria_dialog-eps-converted-to.pdf>] [7]
Overfull \hbox (49.8269pt too wide) in paragraph at lines 124--157
[]$ 
 []


Underfull \hbox (badness 10000) in paragraph at lines 124--157

 []


Underfull \hbox (badness 10000) in paragraph at lines 124--157

 []

[8]
Package epstopdf Info: Source file: <EPSFiles/Screenshot_optimizer_dialog.eps>
(epstopdf)                    date: 2012-10-23 10:07:07
(epstopdf)                    size: 2046978 bytes
(epstopdf)             Output file: <EPSFiles/Screenshot_optimizer_dialog-eps-c
onverted-to.pdf>
(epstopdf)                    date: 2012-10-23 10:13:17
(epstopdf)                    size: 284512 bytes
(epstopdf)             Command: <epstopdf --outfile=EPSFiles/Screenshot_optimiz
er_dialog-eps-converted-to.pdf EPSFiles/Screenshot_optimizer_dialog.eps>
(epstopdf)             \includegraphics on input line 159.
Package epstopdf Info: Output file is already uptodate.

<EPSFiles/Screenshot_optimizer_dialog-eps-converted-to.pdf, id=47, 862.22125pt 
x 751.80875pt>
File: EPSFiles/Screenshot_optimizer_dialog-eps-converted-to.pdf Graphic file (t
ype pdf)
 <use EPSFiles/Screenshot_optimizer_dialog-eps-converted-to.pdf>
Package pdftex.def Info: EPSFiles/Screenshot_optimizer_dialog-eps-converted-to.
pdf used on input line 159.
(pdftex.def)             Requested size: 390.0pt x 340.05449pt.


LaTeX Warning: `!h' float specifier changed to `!ht'.

LaTeX Font Info:    Try loading font information for OMS+cmr on input line 168.

(/usr/local/texlive/2011/texmf-dist/tex/latex/base/omscmr.fd
File: omscmr.fd 1999/05/25 v2.5h Standard LaTeX font definitions
)
LaTeX Font Info:    Font shape `OMS/cmr/m/n' in size <12> not available
(Font)              Font shape `OMS/cmsy/m/n' tried instead on input line 168.

Overfull \hbox (7.83363pt too wide) in paragraph at lines 170--172
\OT1/cmr/m/n/12 There are two folder lo-cated un-der the folder "thel-lier[]gui
": SU1[]example
 []

[9] [10 <./EPSFiles/Screenshot_optimizer_dialog-eps-converted-to.pdf>]
Overfull \hbox (34.11418pt too wide) in paragraph at lines 179--182
\OT1/cmr/m/n/12 int[]ptrm[]n=2, SCAT=false (unchecked), gap[]max=0.5, f[]vds=0.
75, beta=0.1,
 []


Overfull \hbox (5.75784pt too wide) in paragraph at lines 179--182
\OT1/cmr/m/n/12 check the En-able/Disable box, and set the fol-low-ing val-ues:
 int[]sigma=6,
 []


Overfull \hbox (0.41817pt too wide) in paragraph at lines 182--183
[]\OT1/cmr/m/n/12 Manual in-ter-pre-ta-tion of sam-ple su100601: choose spec-i-
mens su100601a
 []


Overfull \hbox (8.669pt too wide) in paragraph at lines 182--183
\OT1/cmr/m/n/12 from the spec-i-men list. choose tem-per-a-ture bounds from the
 Tmin/Tmax
 []

[11]
Underfull \hbox (badness 10000) in paragraph at lines 184--197

 []


Overfull \hbox (18.42159pt too wide) in paragraph at lines 199--200
\OT1/cmr/m/n/12 in the ter-mi-nal box) and choose the same work-ing di-rec-tory
 (SU1[]example).
 []

[12] [13]
Overfull \hbox (2.08954pt too wide) in paragraph at lines 212--213
\OT1/cmr/m/n/12 for the sam-ple's cri-te-ria:int[]n=3, int[]n[]outlier[]check=6
, EnableSTDEV-
 []

[14]
Overfull \hbox (5.21288pt too wide) in paragraph at lines 224--224
[]\OT1/cmr/bx/n/14.4 Case study 2: DSDP/ODP sub-ma-rine basaltic glass
 []


Overfull \hbox (5.98451pt too wide) in paragraph at lines 235--236
\OT1/cmr/m/n/12 for the sam-ple's cri-te-ria:int[]n=2,, EnableSTDEV-OPT, int[]s
igme[]uT=5,
 []

[15] [16] (./Thellier_GUI_tutorial.aux) ) 
Here is how much of TeX's memory you used:
 2174 strings out of 493633
 30215 string characters out of 3143378
 90242 words of memory out of 3000000
 5453 multiletter control sequences out of 15000+200000
 10449 words of font info for 38 fonts, out of 3000000 for 9000
 831 hyphenation exceptions out of 8191
 37i,6n,23p,1299b,221s stack positions out of 5000i,500n,10000p,200000b,50000s
</usr/local/texlive/2011/texmf-dist/fo
nts/type1/public/amsfonts/cm/cmbx12.pfb></usr/local/texlive/2011/texmf-dist/fon
ts/type1/public/amsfonts/cm/cmmi12.pfb></usr/local/texlive/2011/texmf-dist/font
s/type1/public/amsfonts/cm/cmr12.pfb></usr/local/texlive/2011/texmf-dist/fonts/
type1/public/amsfonts/cm/cmr17.pfb></usr/local/texlive/2011/texmf-dist/fonts/ty
pe1/public/amsfonts/cm/cmr8.pfb></usr/local/texlive/2011/texmf-dist/fonts/type1
/public/amsfonts/cm/cmsy10.pfb></usr/local/texlive/2011/texmf-dist/fonts/type1/
public/amsfonts/cm/cmti12.pfb></usr/local/texlive/2011/texmf-dist/fonts/type1/p
ublic/amsfonts/cm/cmtt12.pfb>
Output written on Thellier_GUI_tutorial.pdf (16 pages, 1195658 bytes).
PDF statistics:
 104 PDF objects out of 1000 (max. 8388607)
 69 compressed objects within 1 object stream
 0 named destinations out of 1000 (max. 500000)
 21 words of extra memory for PDF output out of 10000 (max. 10000000)

